2025-06-30 22:11:42,211 - file__main__ - ERROR - Failed to upload file: [Errno 21] Is a directory: '/home/mlai18/.cache/kagglehub/datasets/mlg-ulb/creditcardfraud/versions/3'
2025-06-30 22:17:39,723 - file__main__ - ERROR - Failed to upload file: [Errno 21] Is a directory: '/home/mlai18/.cache/kagglehub/datasets/mlg-ulb/creditcardfraud/versions/3'
2025-06-30 22:17:47,845 - file__main__ - ERROR - Failed to upload file: [Errno 21] Is a directory: '/home/mlai18/.cache/kagglehub/datasets/mlg-ulb/creditcardfraud/versions/3'
2025-06-30 22:17:54,153 - file__main__ - ERROR - Failed to upload file: [Errno 21] Is a directory: '/home/mlai18/.cache/kagglehub/datasets/mlg-ulb/creditcardfraud/versions/3'
2025-06-30 22:17:57,092 - file__main__ - ERROR - Failed to upload file: [Errno 21] Is a directory: '/home/mlai18/.cache/kagglehub/datasets/mlg-ulb/creditcardfraud/versions/3'
2025-06-30 22:25:08,079 - file__main__ - ERROR - Failed to delete bucket: S3 operation failed; code: NoSuchBucket, message: The specified bucket does not exist, resource: /frauddetection, request_id: 184DEF160B7B7947, host_id: dd9025bab4ad464b049177c95eb6ebf374d3b3fd1af9251148b658df7ac2e3e8, bucket_name: frauddetection
2025-07-01 00:16:45,022 - file_src.db_connectors.minio.minio_client - ERROR - Failed to get CSV data: HTTPConnectionPool(host='192.168.1.179', port=29010): Max retries exceeded with url: /creditcardfraud?location= (Caused by NewConnectionError('<urllib3.connection.HTTPConnection object at 0xffff8042d000>: Failed to establish a new connection: [Errno 111] Connection refused'))
2025-07-01 00:16:51,047 - file_src.db_connectors.minio.minio_client - ERROR - Failed to get CSV data: HTTPConnectionPool(host='192.168.1.179', port=29010): Max retries exceeded with url: /creditcardfraud?location= (Caused by NewConnectionError('<urllib3.connection.HTTPConnection object at 0xffff8042c9d0>: Failed to establish a new connection: [Errno 111] Connection refused'))
2025-07-01 13:52:17,799 - file_src.db_connectors.minio.minio_client - ERROR - Failed to get CSV data: HTTPConnectionPool(host='192.168.1.179', port=29010): Max retries exceeded with url: /creditcardfraud?location= (Caused by NewConnectionError('<urllib3.connection.HTTPConnection object at 0xffff72ed0b80>: Failed to establish a new connection: [Errno 111] Connection refused'))
2025-07-01 13:52:23,825 - file_src.db_connectors.minio.minio_client - ERROR - Failed to get CSV data: HTTPConnectionPool(host='192.168.1.179', port=29010): Max retries exceeded with url: /creditcardfraud?location= (Caused by NewConnectionError('<urllib3.connection.HTTPConnection object at 0xffff72ed0100>: Failed to establish a new connection: [Errno 111] Connection refused'))
2025-07-01 16:07:26,709 - file_src.db_connectors.minio.minio_client - ERROR - Failed to get CSV data: ('Connection broken: IncompleteRead(44040192 bytes read, 106788560 more expected)', IncompleteRead(44040192 bytes read, 106788560 more expected))
2025-07-01 16:07:26,719 - file_src.db_connectors.minio.minio_client - ERROR - Failed to get file buffer: S3 operation failed; code: NoSuchBucket, message: The specified bucket does not exist, resource: /synthesizers, request_id: 184E290E5A826C90, host_id: dd9025bab4ad464b049177c95eb6ebf374d3b3fd1af9251148b658df7ac2e3e8, bucket_name: synthesizers
2025-07-01 16:07:26,723 - file_src.db_connectors.minio.minio_client - ERROR - Failed to get file buffer: S3 operation failed; code: NoSuchBucket, message: The specified bucket does not exist, resource: /synthesizers, request_id: 184E290E5AB786D3, host_id: dd9025bab4ad464b049177c95eb6ebf374d3b3fd1af9251148b658df7ac2e3e8, bucket_name: synthesizers
2025-07-01 16:07:26,839 - file_src.db_connectors.minio.minio_client - ERROR - Failed to get CSV data: ('Connection broken: IncompleteRead(44040192 bytes read, 106788560 more expected)', IncompleteRead(44040192 bytes read, 106788560 more expected))
2025-07-01 16:07:37,309 - file_src.db_connectors.minio.minio_client - ERROR - Failed to get CSV data: ('Connection broken: IncompleteRead(44040192 bytes read, 106788560 more expected)', IncompleteRead(44040192 bytes read, 106788560 more expected))
2025-07-01 16:07:37,320 - file_src.db_connectors.minio.minio_client - ERROR - Failed to get file buffer: S3 operation failed; code: NoSuchBucket, message: The specified bucket does not exist, resource: /synthesizers, request_id: 184E2910D25FD38F, host_id: dd9025bab4ad464b049177c95eb6ebf374d3b3fd1af9251148b658df7ac2e3e8, bucket_name: synthesizers
2025-07-01 16:07:37,324 - file_src.db_connectors.minio.minio_client - ERROR - Failed to get file buffer: S3 operation failed; code: NoSuchBucket, message: The specified bucket does not exist, resource: /synthesizers, request_id: 184E2910D29A1F3E, host_id: dd9025bab4ad464b049177c95eb6ebf374d3b3fd1af9251148b658df7ac2e3e8, bucket_name: synthesizers
2025-07-01 16:07:37,470 - file_src.db_connectors.minio.minio_client - ERROR - Failed to get CSV data: ('Connection broken: IncompleteRead(44040192 bytes read, 106788560 more expected)', IncompleteRead(44040192 bytes read, 106788560 more expected))
2025-07-01 16:10:48,078 - file_src.db_connectors.minio.minio_client - ERROR - Failed to get CSV data: ('Connection broken: IncompleteRead(44040192 bytes read, 106788560 more expected)', IncompleteRead(44040192 bytes read, 106788560 more expected))
2025-07-01 16:10:48,088 - file_src.db_connectors.minio.minio_client - ERROR - Failed to get file buffer: S3 operation failed; code: NoSuchBucket, message: The specified bucket does not exist, resource: /synthesizers, request_id: 184E293D3D06BA22, host_id: dd9025bab4ad464b049177c95eb6ebf374d3b3fd1af9251148b658df7ac2e3e8, bucket_name: synthesizers
2025-07-01 16:10:48,092 - file_src.db_connectors.minio.minio_client - ERROR - Failed to get file buffer: S3 operation failed; code: NoSuchBucket, message: The specified bucket does not exist, resource: /synthesizers, request_id: 184E293D3D401393, host_id: dd9025bab4ad464b049177c95eb6ebf374d3b3fd1af9251148b658df7ac2e3e8, bucket_name: synthesizers
2025-07-01 16:10:48,217 - file_src.db_connectors.minio.minio_client - ERROR - Failed to get CSV data: ('Connection broken: IncompleteRead(44040192 bytes read, 106788560 more expected)', IncompleteRead(44040192 bytes read, 106788560 more expected))
2025-07-01 16:10:54,865 - file_src.db_connectors.minio.minio_client - ERROR - Failed to get CSV data: ('Connection broken: IncompleteRead(44040192 bytes read, 106788560 more expected)', IncompleteRead(44040192 bytes read, 106788560 more expected))
2025-07-01 16:10:54,875 - file_src.db_connectors.minio.minio_client - ERROR - Failed to get file buffer: S3 operation failed; code: NoSuchBucket, message: The specified bucket does not exist, resource: /synthesizers, request_id: 184E293ED18C71CC, host_id: dd9025bab4ad464b049177c95eb6ebf374d3b3fd1af9251148b658df7ac2e3e8, bucket_name: synthesizers
2025-07-01 16:10:54,879 - file_src.db_connectors.minio.minio_client - ERROR - Failed to get file buffer: S3 operation failed; code: NoSuchBucket, message: The specified bucket does not exist, resource: /synthesizers, request_id: 184E293ED1C48208, host_id: dd9025bab4ad464b049177c95eb6ebf374d3b3fd1af9251148b658df7ac2e3e8, bucket_name: synthesizers
2025-07-01 16:10:55,007 - file_src.db_connectors.minio.minio_client - ERROR - Failed to get CSV data: ('Connection broken: IncompleteRead(44040192 bytes read, 106788560 more expected)', IncompleteRead(44040192 bytes read, 106788560 more expected))
2025-07-01 16:11:22,259 - file_src.db_connectors.minio.minio_client - ERROR - Failed to get CSV data: ('Connection broken: IncompleteRead(44040192 bytes read, 106788560 more expected)', IncompleteRead(44040192 bytes read, 106788560 more expected))
2025-07-01 16:11:22,269 - file_src.db_connectors.minio.minio_client - ERROR - Failed to get file buffer: S3 operation failed; code: NoSuchBucket, message: The specified bucket does not exist, resource: /synthesizers, request_id: 184E294532674267, host_id: dd9025bab4ad464b049177c95eb6ebf374d3b3fd1af9251148b658df7ac2e3e8, bucket_name: synthesizers
2025-07-01 16:11:22,273 - file_src.db_connectors.minio.minio_client - ERROR - Failed to get file buffer: S3 operation failed; code: NoSuchBucket, message: The specified bucket does not exist, resource: /synthesizers, request_id: 184E29453298A765, host_id: dd9025bab4ad464b049177c95eb6ebf374d3b3fd1af9251148b658df7ac2e3e8, bucket_name: synthesizers
2025-07-01 16:11:22,391 - file_src.db_connectors.minio.minio_client - ERROR - Failed to get CSV data: ('Connection broken: IncompleteRead(44040192 bytes read, 106788560 more expected)', IncompleteRead(44040192 bytes read, 106788560 more expected))
2025-07-01 16:11:34,386 - file_src.db_connectors.minio.minio_client - ERROR - Failed to get CSV data: ('Connection broken: IncompleteRead(44040192 bytes read, 106788560 more expected)', IncompleteRead(44040192 bytes read, 106788560 more expected))
2025-07-01 16:11:34,602 - file_src.db_connectors.minio.minio_client - ERROR - Failed to get CSV data: ('Connection broken: IncompleteRead(44040192 bytes read, 106788560 more expected)', IncompleteRead(44040192 bytes read, 106788560 more expected))
2025-07-01 16:12:55,330 - file_src.db_connectors.minio.minio_client - ERROR - Failed to get CSV data: ('Connection broken: IncompleteRead(44040192 bytes read, 106788560 more expected)', IncompleteRead(44040192 bytes read, 106788560 more expected))
2025-07-01 16:12:55,614 - file_src.db_connectors.minio.minio_client - ERROR - Failed to get CSV data: ('Connection broken: IncompleteRead(44040192 bytes read, 106788560 more expected)', IncompleteRead(44040192 bytes read, 106788560 more expected))
2025-07-01 16:13:18,914 - file_src.db_connectors.minio.minio_client - ERROR - Failed to get CSV data: ('Connection broken: IncompleteRead(44040192 bytes read, 106788560 more expected)', IncompleteRead(44040192 bytes read, 106788560 more expected))
2025-07-01 16:13:19,070 - file_src.db_connectors.minio.minio_client - ERROR - Failed to get CSV data: ('Connection broken: IncompleteRead(44040192 bytes read, 106788560 more expected)', IncompleteRead(44040192 bytes read, 106788560 more expected))
2025-07-01 16:13:30,013 - file_src.db_connectors.minio.minio_client - ERROR - Failed to get CSV data: ('Connection broken: IncompleteRead(44040192 bytes read, 106788560 more expected)', IncompleteRead(44040192 bytes read, 106788560 more expected))
2025-07-01 16:13:45,152 - file_src.db_connectors.minio.minio_client - ERROR - Failed to get CSV data: ('Connection broken: IncompleteRead(44040192 bytes read, 106788560 more expected)', IncompleteRead(44040192 bytes read, 106788560 more expected))
2025-07-01 16:14:02,800 - file_src.db_connectors.minio.minio_client - ERROR - Failed to get CSV data: ('Connection broken: IncompleteRead(44040192 bytes read, 106788560 more expected)', IncompleteRead(44040192 bytes read, 106788560 more expected))
2025-07-01 16:14:02,813 - file_src.db_connectors.minio.minio_client - ERROR - Failed to get file buffer: S3 operation failed; code: NoSuchBucket, message: The specified bucket does not exist, resource: /synthesizers, request_id: 184E296A9388654E, host_id: dd9025bab4ad464b049177c95eb6ebf374d3b3fd1af9251148b658df7ac2e3e8, bucket_name: synthesizers
2025-07-01 16:14:02,818 - file_src.db_connectors.minio.minio_client - ERROR - Failed to get file buffer: S3 operation failed; code: NoSuchBucket, message: The specified bucket does not exist, resource: /synthesizers, request_id: 184E296A93D009AC, host_id: dd9025bab4ad464b049177c95eb6ebf374d3b3fd1af9251148b658df7ac2e3e8, bucket_name: synthesizers
2025-07-01 16:15:07,530 - file_src.db_connectors.minio.minio_client - ERROR - Failed to get CSV data: ('Connection broken: IncompleteRead(44040192 bytes read, 106788560 more expected)', IncompleteRead(44040192 bytes read, 106788560 more expected))
2025-07-01 16:15:07,540 - file_src.db_connectors.minio.minio_client - ERROR - Failed to get file buffer: S3 operation failed; code: NoSuchBucket, message: The specified bucket does not exist, resource: /synthesizers, request_id: 184E2979A593037F, host_id: dd9025bab4ad464b049177c95eb6ebf374d3b3fd1af9251148b658df7ac2e3e8, bucket_name: synthesizers
2025-07-01 16:15:07,544 - file_src.db_connectors.minio.minio_client - ERROR - Failed to get file buffer: S3 operation failed; code: NoSuchBucket, message: The specified bucket does not exist, resource: /synthesizers, request_id: 184E2979A5CD6AD8, host_id: dd9025bab4ad464b049177c95eb6ebf374d3b3fd1af9251148b658df7ac2e3e8, bucket_name: synthesizers
2025-07-01 16:15:25,805 - file_src.db_connectors.minio.minio_client - ERROR - Failed to get CSV data: ('Connection broken: IncompleteRead(44040192 bytes read, 106788560 more expected)', IncompleteRead(44040192 bytes read, 106788560 more expected))
2025-07-01 16:15:25,815 - file_src.db_connectors.minio.minio_client - ERROR - Failed to get file buffer: S3 operation failed; code: NoSuchBucket, message: The specified bucket does not exist, resource: /synthesizers, request_id: 184E297DE6DC02CB, host_id: dd9025bab4ad464b049177c95eb6ebf374d3b3fd1af9251148b658df7ac2e3e8, bucket_name: synthesizers
2025-07-01 16:15:25,819 - file_src.db_connectors.minio.minio_client - ERROR - Failed to get file buffer: S3 operation failed; code: NoSuchBucket, message: The specified bucket does not exist, resource: /synthesizers, request_id: 184E297DE712C2F6, host_id: dd9025bab4ad464b049177c95eb6ebf374d3b3fd1af9251148b658df7ac2e3e8, bucket_name: synthesizers
2025-07-01 16:15:48,140 - file_src.db_connectors.minio.minio_client - ERROR - Failed to get CSV data: ('Connection broken: IncompleteRead(44040192 bytes read, 106788560 more expected)', IncompleteRead(44040192 bytes read, 106788560 more expected))
2025-07-01 16:15:48,151 - file_src.db_connectors.minio.minio_client - ERROR - Failed to get file buffer: S3 operation failed; code: NoSuchBucket, message: The specified bucket does not exist, resource: /synthesizers, request_id: 184E29831A2279E7, host_id: dd9025bab4ad464b049177c95eb6ebf374d3b3fd1af9251148b658df7ac2e3e8, bucket_name: synthesizers
2025-07-01 16:15:48,154 - file_src.db_connectors.minio.minio_client - ERROR - Failed to get file buffer: S3 operation failed; code: NoSuchBucket, message: The specified bucket does not exist, resource: /synthesizers, request_id: 184E29831A5C7E84, host_id: dd9025bab4ad464b049177c95eb6ebf374d3b3fd1af9251148b658df7ac2e3e8, bucket_name: synthesizers
2025-07-01 16:17:26,755 - file_src.db_connectors.minio.minio_client - ERROR - Failed to get CSV data: ('Connection broken: IncompleteRead(44040192 bytes read, 106788560 more expected)', IncompleteRead(44040192 bytes read, 106788560 more expected))
2025-07-01 16:17:26,764 - file_src.db_connectors.minio.minio_client - ERROR - Failed to get file buffer: S3 operation failed; code: NoSuchBucket, message: The specified bucket does not exist, resource: /synthesizers, request_id: 184E299A0FFB5735, host_id: dd9025bab4ad464b049177c95eb6ebf374d3b3fd1af9251148b658df7ac2e3e8, bucket_name: synthesizers
2025-07-01 16:17:26,768 - file_src.db_connectors.minio.minio_client - ERROR - Failed to get file buffer: S3 operation failed; code: NoSuchBucket, message: The specified bucket does not exist, resource: /synthesizers, request_id: 184E299A1032C74E, host_id: dd9025bab4ad464b049177c95eb6ebf374d3b3fd1af9251148b658df7ac2e3e8, bucket_name: synthesizers
2025-07-01 16:17:36,242 - file_src.db_connectors.minio.minio_client - ERROR - Failed to get CSV data: ('Connection broken: IncompleteRead(44040192 bytes read, 106788560 more expected)', IncompleteRead(44040192 bytes read, 106788560 more expected))
2025-07-01 16:17:36,252 - file_src.db_connectors.minio.minio_client - ERROR - Failed to get file buffer: S3 operation failed; code: NoSuchBucket, message: The specified bucket does not exist, resource: /synthesizers, request_id: 184E299C457FEA82, host_id: dd9025bab4ad464b049177c95eb6ebf374d3b3fd1af9251148b658df7ac2e3e8, bucket_name: synthesizers
2025-07-01 16:17:36,256 - file_src.db_connectors.minio.minio_client - ERROR - Failed to get file buffer: S3 operation failed; code: NoSuchBucket, message: The specified bucket does not exist, resource: /synthesizers, request_id: 184E299C45BDBBD9, host_id: dd9025bab4ad464b049177c95eb6ebf374d3b3fd1af9251148b658df7ac2e3e8, bucket_name: synthesizers
2025-07-01 16:17:36,372 - file_src.db_connectors.minio.minio_client - ERROR - Failed to get CSV data: ('Connection broken: IncompleteRead(44040192 bytes read, 106788560 more expected)', IncompleteRead(44040192 bytes read, 106788560 more expected))
2025-07-01 16:17:48,191 - file_src.db_connectors.minio.minio_client - ERROR - Failed to get CSV data: ('Connection broken: IncompleteRead(44040192 bytes read, 106788560 more expected)', IncompleteRead(44040192 bytes read, 106788560 more expected))
2025-07-01 16:17:48,202 - file_src.db_connectors.minio.minio_client - ERROR - Failed to get file buffer: S3 operation failed; code: NoSuchBucket, message: The specified bucket does not exist, resource: /synthesizers, request_id: 184E299F0DBD12A1, host_id: dd9025bab4ad464b049177c95eb6ebf374d3b3fd1af9251148b658df7ac2e3e8, bucket_name: synthesizers
2025-07-01 16:17:48,205 - file_src.db_connectors.minio.minio_client - ERROR - Failed to get file buffer: S3 operation failed; code: NoSuchBucket, message: The specified bucket does not exist, resource: /synthesizers, request_id: 184E299F0DF1A9DA, host_id: dd9025bab4ad464b049177c95eb6ebf374d3b3fd1af9251148b658df7ac2e3e8, bucket_name: synthesizers
2025-07-01 16:18:38,441 - file_src.db_connectors.minio.minio_client - ERROR - Failed to get CSV data: ('Connection broken: IncompleteRead(44040192 bytes read, 106788560 more expected)', IncompleteRead(44040192 bytes read, 106788560 more expected))
2025-07-01 16:18:38,451 - file_src.db_connectors.minio.minio_client - ERROR - Failed to get file buffer: S3 operation failed; code: NoSuchBucket, message: The specified bucket does not exist, resource: /synthesizers, request_id: 184E29AAC0D16776, host_id: dd9025bab4ad464b049177c95eb6ebf374d3b3fd1af9251148b658df7ac2e3e8, bucket_name: synthesizers
2025-07-01 16:18:38,454 - file_src.db_connectors.minio.minio_client - ERROR - Failed to get file buffer: S3 operation failed; code: NoSuchBucket, message: The specified bucket does not exist, resource: /synthesizers, request_id: 184E29AAC104F1BC, host_id: dd9025bab4ad464b049177c95eb6ebf374d3b3fd1af9251148b658df7ac2e3e8, bucket_name: synthesizers
2025-07-01 16:19:10,267 - file_src.db_connectors.minio.minio_client - ERROR - Failed to get CSV data: ('Connection broken: IncompleteRead(44040192 bytes read, 106788560 more expected)', IncompleteRead(44040192 bytes read, 106788560 more expected))
2025-07-01 16:19:10,279 - file_src.db_connectors.minio.minio_client - ERROR - Failed to get file buffer: S3 operation failed; code: NoSuchBucket, message: The specified bucket does not exist, resource: /synthesizers, request_id: 184E29B229F3FC18, host_id: dd9025bab4ad464b049177c95eb6ebf374d3b3fd1af9251148b658df7ac2e3e8, bucket_name: synthesizers
2025-07-01 16:19:10,283 - file_src.db_connectors.minio.minio_client - ERROR - Failed to get file buffer: S3 operation failed; code: NoSuchBucket, message: The specified bucket does not exist, resource: /synthesizers, request_id: 184E29B22A2947DF, host_id: dd9025bab4ad464b049177c95eb6ebf374d3b3fd1af9251148b658df7ac2e3e8, bucket_name: synthesizers
2025-07-01 16:19:14,007 - file_src.db_connectors.minio.minio_client - ERROR - Failed to get CSV data: ('Connection broken: IncompleteRead(44040192 bytes read, 106788560 more expected)', IncompleteRead(44040192 bytes read, 106788560 more expected))
2025-07-01 16:19:14,019 - file_src.db_connectors.minio.minio_client - ERROR - Failed to get file buffer: S3 operation failed; code: NoSuchBucket, message: The specified bucket does not exist, resource: /synthesizers, request_id: 184E29B308DCA696, host_id: dd9025bab4ad464b049177c95eb6ebf374d3b3fd1af9251148b658df7ac2e3e8, bucket_name: synthesizers
2025-07-01 16:19:14,024 - file_src.db_connectors.minio.minio_client - ERROR - Failed to get file buffer: S3 operation failed; code: NoSuchBucket, message: The specified bucket does not exist, resource: /synthesizers, request_id: 184E29B3091C9483, host_id: dd9025bab4ad464b049177c95eb6ebf374d3b3fd1af9251148b658df7ac2e3e8, bucket_name: synthesizers
2025-07-01 16:19:14,129 - file_src.db_connectors.minio.minio_client - ERROR - Failed to get file buffer: ('Connection broken: IncompleteRead(44040192 bytes read, 106788560 more expected)', IncompleteRead(44040192 bytes read, 106788560 more expected))
2025-07-01 16:19:30,101 - file_src.db_connectors.minio.minio_client - ERROR - Failed to get CSV data: ('Connection broken: IncompleteRead(44040192 bytes read, 106788560 more expected)', IncompleteRead(44040192 bytes read, 106788560 more expected))
2025-07-01 16:19:30,116 - file_src.db_connectors.minio.minio_client - ERROR - Failed to get file buffer: S3 operation failed; code: NoSuchBucket, message: The specified bucket does not exist, resource: /synthesizers, request_id: 184E29B6C8558348, host_id: dd9025bab4ad464b049177c95eb6ebf374d3b3fd1af9251148b658df7ac2e3e8, bucket_name: synthesizers
2025-07-01 16:19:30,122 - file_src.db_connectors.minio.minio_client - ERROR - Failed to get file buffer: S3 operation failed; code: NoSuchBucket, message: The specified bucket does not exist, resource: /synthesizers, request_id: 184E29B6C8A42470, host_id: dd9025bab4ad464b049177c95eb6ebf374d3b3fd1af9251148b658df7ac2e3e8, bucket_name: synthesizers
2025-07-01 16:20:05,021 - file_src.db_connectors.minio.minio_client - ERROR - Failed to get CSV data: ('Connection broken: IncompleteRead(44040192 bytes read, 106788560 more expected)', IncompleteRead(44040192 bytes read, 106788560 more expected))
2025-07-01 16:20:05,021 - file_src.db_connectors.minio.minio_client - ERROR - Failed to get CSV data: ('Connection broken: IncompleteRead(44040192 bytes read, 106788560 more expected)', IncompleteRead(44040192 bytes read, 106788560 more expected))
2025-07-01 16:20:05,034 - file_src.db_connectors.minio.minio_client - ERROR - Failed to get file buffer: S3 operation failed; code: NoSuchBucket, message: The specified bucket does not exist, resource: /synthesizers, request_id: 184E29BEE98EC82A, host_id: dd9025bab4ad464b049177c95eb6ebf374d3b3fd1af9251148b658df7ac2e3e8, bucket_name: synthesizers
2025-07-01 16:20:05,034 - file_src.db_connectors.minio.minio_client - ERROR - Failed to get file buffer: S3 operation failed; code: NoSuchBucket, message: The specified bucket does not exist, resource: /synthesizers, request_id: 184E29BEE98EC82A, host_id: dd9025bab4ad464b049177c95eb6ebf374d3b3fd1af9251148b658df7ac2e3e8, bucket_name: synthesizers
2025-07-01 16:20:05,040 - file_src.db_connectors.minio.minio_client - ERROR - Failed to get file buffer: S3 operation failed; code: NoSuchBucket, message: The specified bucket does not exist, resource: /synthesizers, request_id: 184E29BEE9E990EF, host_id: dd9025bab4ad464b049177c95eb6ebf374d3b3fd1af9251148b658df7ac2e3e8, bucket_name: synthesizers
2025-07-01 16:20:05,040 - file_src.db_connectors.minio.minio_client - ERROR - Failed to get file buffer: S3 operation failed; code: NoSuchBucket, message: The specified bucket does not exist, resource: /synthesizers, request_id: 184E29BEE9E990EF, host_id: dd9025bab4ad464b049177c95eb6ebf374d3b3fd1af9251148b658df7ac2e3e8, bucket_name: synthesizers
2025-07-01 16:20:05,183 - file_src.db_connectors.minio.minio_client - ERROR - Failed to get CSV data: ('Connection broken: IncompleteRead(44040192 bytes read, 106788560 more expected)', IncompleteRead(44040192 bytes read, 106788560 more expected))
2025-07-01 16:20:05,183 - file_src.db_connectors.minio.minio_client - ERROR - Failed to get CSV data: ('Connection broken: IncompleteRead(44040192 bytes read, 106788560 more expected)', IncompleteRead(44040192 bytes read, 106788560 more expected))
2025-07-01 16:20:53,860 - file_src.db_connectors.minio.minio_client - ERROR - Failed to get CSV data: ('Connection broken: IncompleteRead(44040192 bytes read, 106788560 more expected)', IncompleteRead(44040192 bytes read, 106788560 more expected))
2025-07-01 16:20:53,860 - file_src.db_connectors.minio.minio_client - ERROR - Failed to get CSV data: ('Connection broken: IncompleteRead(44040192 bytes read, 106788560 more expected)', IncompleteRead(44040192 bytes read, 106788560 more expected))
2025-07-01 16:21:02,392 - file_src.db_connectors.minio.minio_client - ERROR - Failed to get CSV data: ('Connection broken: IncompleteRead(44040192 bytes read, 106788560 more expected)', IncompleteRead(44040192 bytes read, 106788560 more expected))
2025-07-01 16:21:02,392 - file_src.db_connectors.minio.minio_client - ERROR - Failed to get CSV data: ('Connection broken: IncompleteRead(44040192 bytes read, 106788560 more expected)', IncompleteRead(44040192 bytes read, 106788560 more expected))
2025-07-01 16:21:27,433 - file_src.db_connectors.minio.minio_client - ERROR - Failed to get CSV data: ('Connection broken: IncompleteRead(44040192 bytes read, 106788560 more expected)', IncompleteRead(44040192 bytes read, 106788560 more expected))
2025-07-01 16:21:27,433 - file_src.db_connectors.minio.minio_client - ERROR - Failed to get CSV data: ('Connection broken: IncompleteRead(44040192 bytes read, 106788560 more expected)', IncompleteRead(44040192 bytes read, 106788560 more expected))
2025-07-01 16:21:27,444 - file_src.db_connectors.minio.minio_client - ERROR - Failed to get file buffer: S3 operation failed; code: NoSuchBucket, message: The specified bucket does not exist, resource: /synthesizers, request_id: 184E29D219A1F534, host_id: dd9025bab4ad464b049177c95eb6ebf374d3b3fd1af9251148b658df7ac2e3e8, bucket_name: synthesizers
2025-07-01 16:21:27,444 - file_src.db_connectors.minio.minio_client - ERROR - Failed to get file buffer: S3 operation failed; code: NoSuchBucket, message: The specified bucket does not exist, resource: /synthesizers, request_id: 184E29D219A1F534, host_id: dd9025bab4ad464b049177c95eb6ebf374d3b3fd1af9251148b658df7ac2e3e8, bucket_name: synthesizers
2025-07-01 16:21:27,449 - file_src.db_connectors.minio.minio_client - ERROR - Failed to get file buffer: S3 operation failed; code: NoSuchBucket, message: The specified bucket does not exist, resource: /synthesizers, request_id: 184E29D219E11621, host_id: dd9025bab4ad464b049177c95eb6ebf374d3b3fd1af9251148b658df7ac2e3e8, bucket_name: synthesizers
2025-07-01 16:21:27,449 - file_src.db_connectors.minio.minio_client - ERROR - Failed to get file buffer: S3 operation failed; code: NoSuchBucket, message: The specified bucket does not exist, resource: /synthesizers, request_id: 184E29D219E11621, host_id: dd9025bab4ad464b049177c95eb6ebf374d3b3fd1af9251148b658df7ac2e3e8, bucket_name: synthesizers
2025-07-01 16:21:33,427 - file_src.db_connectors.minio.minio_client - ERROR - Failed to get CSV data: ('Connection broken: IncompleteRead(44040192 bytes read, 106788560 more expected)', IncompleteRead(44040192 bytes read, 106788560 more expected))
2025-07-01 16:21:33,427 - file_src.db_connectors.minio.minio_client - ERROR - Failed to get CSV data: ('Connection broken: IncompleteRead(44040192 bytes read, 106788560 more expected)', IncompleteRead(44040192 bytes read, 106788560 more expected))
2025-07-01 16:21:33,442 - file_src.db_connectors.minio.minio_client - ERROR - Failed to get file buffer: S3 operation failed; code: NoSuchBucket, message: The specified bucket does not exist, resource: /synthesizers, request_id: 184E29D37F1A21C6, host_id: dd9025bab4ad464b049177c95eb6ebf374d3b3fd1af9251148b658df7ac2e3e8, bucket_name: synthesizers
2025-07-01 16:21:33,442 - file_src.db_connectors.minio.minio_client - ERROR - Failed to get file buffer: S3 operation failed; code: NoSuchBucket, message: The specified bucket does not exist, resource: /synthesizers, request_id: 184E29D37F1A21C6, host_id: dd9025bab4ad464b049177c95eb6ebf374d3b3fd1af9251148b658df7ac2e3e8, bucket_name: synthesizers
2025-07-01 16:21:33,447 - file_src.db_connectors.minio.minio_client - ERROR - Failed to get file buffer: S3 operation failed; code: NoSuchBucket, message: The specified bucket does not exist, resource: /synthesizers, request_id: 184E29D37F6FCE88, host_id: dd9025bab4ad464b049177c95eb6ebf374d3b3fd1af9251148b658df7ac2e3e8, bucket_name: synthesizers
2025-07-01 16:21:33,447 - file_src.db_connectors.minio.minio_client - ERROR - Failed to get file buffer: S3 operation failed; code: NoSuchBucket, message: The specified bucket does not exist, resource: /synthesizers, request_id: 184E29D37F6FCE88, host_id: dd9025bab4ad464b049177c95eb6ebf374d3b3fd1af9251148b658df7ac2e3e8, bucket_name: synthesizers
2025-07-01 16:21:42,279 - file_src.db_connectors.minio.minio_client - ERROR - Failed to get CSV data: ('Connection broken: IncompleteRead(44040192 bytes read, 106788560 more expected)', IncompleteRead(44040192 bytes read, 106788560 more expected))
2025-07-01 16:21:42,279 - file_src.db_connectors.minio.minio_client - ERROR - Failed to get CSV data: ('Connection broken: IncompleteRead(44040192 bytes read, 106788560 more expected)', IncompleteRead(44040192 bytes read, 106788560 more expected))
2025-07-01 16:22:42,415 - file_src.db_connectors.minio.minio_client - ERROR - Failed to get CSV data: ('Connection broken: IncompleteRead(44040192 bytes read, 106788560 more expected)', IncompleteRead(44040192 bytes read, 106788560 more expected))
2025-07-01 16:22:42,415 - file_src.db_connectors.minio.minio_client - ERROR - Failed to get CSV data: ('Connection broken: IncompleteRead(44040192 bytes read, 106788560 more expected)', IncompleteRead(44040192 bytes read, 106788560 more expected))
2025-07-01 16:23:09,564 - file_src.db_connectors.minio.minio_client - ERROR - Failed to get CSV data: ('Connection broken: IncompleteRead(44040192 bytes read, 106788560 more expected)', IncompleteRead(44040192 bytes read, 106788560 more expected))
2025-07-01 16:23:59,900 - file_src.db_connectors.minio.minio_client - ERROR - Failed to get CSV data: ('Connection broken: IncompleteRead(44040192 bytes read, 106788560 more expected)', IncompleteRead(44040192 bytes read, 106788560 more expected))
2025-07-01 16:24:05,675 - file_src.db_connectors.minio.minio_client - ERROR - Failed to get CSV data: ('Connection broken: IncompleteRead(44040192 bytes read, 106788560 more expected)', IncompleteRead(44040192 bytes read, 106788560 more expected))
2025-07-01 16:24:51,033 - file_src.db_connectors.minio.minio_client - ERROR - Failed to get CSV data: ('Connection broken: IncompleteRead(44040192 bytes read, 106788560 more expected)', IncompleteRead(44040192 bytes read, 106788560 more expected))
2025-07-01 16:25:33,622 - file_src.db_connectors.minio.minio_client - ERROR - Failed to get CSV data: ('Connection broken: IncompleteRead(44040192 bytes read, 106788560 more expected)', IncompleteRead(44040192 bytes read, 106788560 more expected))
2025-07-01 16:27:41,144 - file_src.db_connectors.minio.minio_client - ERROR - Failed to get CSV data: ('Connection broken: IncompleteRead(44040192 bytes read, 106788560 more expected)', IncompleteRead(44040192 bytes read, 106788560 more expected))
2025-07-01 16:27:50,284 - file_src.db_connectors.minio.minio_client - ERROR - Failed to get CSV data: local variable 'csv_buffer' referenced before assignment
2025-07-01 16:27:50,284 - file_src.db_connectors.minio.minio_client - ERROR - Failed to get CSV data: local variable 'csv_buffer' referenced before assignment
2025-07-01 16:28:00,012 - file_src.db_connectors.minio.minio_client - ERROR - Failed to get CSV data: ('Connection broken: IncompleteRead(44040192 bytes read, 106788560 more expected)', IncompleteRead(44040192 bytes read, 106788560 more expected))
2025-07-01 16:28:00,012 - file_src.db_connectors.minio.minio_client - ERROR - Failed to get CSV data: ('Connection broken: IncompleteRead(44040192 bytes read, 106788560 more expected)', IncompleteRead(44040192 bytes read, 106788560 more expected))
2025-07-01 16:28:00,012 - file_src.db_connectors.minio.minio_client - ERROR - Failed to get CSV data: ('Connection broken: IncompleteRead(44040192 bytes read, 106788560 more expected)', IncompleteRead(44040192 bytes read, 106788560 more expected))
2025-07-01 16:35:22,261 - file_src.db_connectors.minio.minio_client - ERROR - Failed to get file buffer: S3 operation failed; code: NoSuchBucket, message: The specified bucket does not exist, resource: /synthesizers, request_id: 184E2A9478926159, host_id: dd9025bab4ad464b049177c95eb6ebf374d3b3fd1af9251148b658df7ac2e3e8, bucket_name: synthesizers
2025-07-01 16:35:22,261 - file_src.db_connectors.minio.minio_client - ERROR - Failed to get file buffer: S3 operation failed; code: NoSuchBucket, message: The specified bucket does not exist, resource: /synthesizers, request_id: 184E2A9478926159, host_id: dd9025bab4ad464b049177c95eb6ebf374d3b3fd1af9251148b658df7ac2e3e8, bucket_name: synthesizers
2025-07-01 16:35:22,261 - file_src.db_connectors.minio.minio_client - ERROR - Failed to get file buffer: S3 operation failed; code: NoSuchBucket, message: The specified bucket does not exist, resource: /synthesizers, request_id: 184E2A9478926159, host_id: dd9025bab4ad464b049177c95eb6ebf374d3b3fd1af9251148b658df7ac2e3e8, bucket_name: synthesizers
2025-07-01 16:35:22,261 - file_src.db_connectors.minio.minio_client - ERROR - Failed to get file buffer: S3 operation failed; code: NoSuchBucket, message: The specified bucket does not exist, resource: /synthesizers, request_id: 184E2A9478926159, host_id: dd9025bab4ad464b049177c95eb6ebf374d3b3fd1af9251148b658df7ac2e3e8, bucket_name: synthesizers
2025-07-01 16:35:22,261 - file_src.db_connectors.minio.minio_client - ERROR - Failed to get file buffer: S3 operation failed; code: NoSuchBucket, message: The specified bucket does not exist, resource: /synthesizers, request_id: 184E2A9478926159, host_id: dd9025bab4ad464b049177c95eb6ebf374d3b3fd1af9251148b658df7ac2e3e8, bucket_name: synthesizers
2025-07-01 16:35:22,261 - file_src.db_connectors.minio.minio_client - ERROR - Failed to get file buffer: S3 operation failed; code: NoSuchBucket, message: The specified bucket does not exist, resource: /synthesizers, request_id: 184E2A9478926159, host_id: dd9025bab4ad464b049177c95eb6ebf374d3b3fd1af9251148b658df7ac2e3e8, bucket_name: synthesizers
2025-07-01 16:35:22,270 - file_src.db_connectors.minio.minio_client - ERROR - Failed to get file buffer: S3 operation failed; code: NoSuchBucket, message: The specified bucket does not exist, resource: /synthesizers, request_id: 184E2A947918BDCB, host_id: dd9025bab4ad464b049177c95eb6ebf374d3b3fd1af9251148b658df7ac2e3e8, bucket_name: synthesizers
2025-07-01 16:35:22,270 - file_src.db_connectors.minio.minio_client - ERROR - Failed to get file buffer: S3 operation failed; code: NoSuchBucket, message: The specified bucket does not exist, resource: /synthesizers, request_id: 184E2A947918BDCB, host_id: dd9025bab4ad464b049177c95eb6ebf374d3b3fd1af9251148b658df7ac2e3e8, bucket_name: synthesizers
2025-07-01 16:35:22,270 - file_src.db_connectors.minio.minio_client - ERROR - Failed to get file buffer: S3 operation failed; code: NoSuchBucket, message: The specified bucket does not exist, resource: /synthesizers, request_id: 184E2A947918BDCB, host_id: dd9025bab4ad464b049177c95eb6ebf374d3b3fd1af9251148b658df7ac2e3e8, bucket_name: synthesizers
2025-07-01 16:35:22,270 - file_src.db_connectors.minio.minio_client - ERROR - Failed to get file buffer: S3 operation failed; code: NoSuchBucket, message: The specified bucket does not exist, resource: /synthesizers, request_id: 184E2A947918BDCB, host_id: dd9025bab4ad464b049177c95eb6ebf374d3b3fd1af9251148b658df7ac2e3e8, bucket_name: synthesizers
2025-07-01 16:35:22,270 - file_src.db_connectors.minio.minio_client - ERROR - Failed to get file buffer: S3 operation failed; code: NoSuchBucket, message: The specified bucket does not exist, resource: /synthesizers, request_id: 184E2A947918BDCB, host_id: dd9025bab4ad464b049177c95eb6ebf374d3b3fd1af9251148b658df7ac2e3e8, bucket_name: synthesizers
2025-07-01 16:35:22,270 - file_src.db_connectors.minio.minio_client - ERROR - Failed to get file buffer: S3 operation failed; code: NoSuchBucket, message: The specified bucket does not exist, resource: /synthesizers, request_id: 184E2A947918BDCB, host_id: dd9025bab4ad464b049177c95eb6ebf374d3b3fd1af9251148b658df7ac2e3e8, bucket_name: synthesizers
2025-07-01 16:36:50,683 - file_src.db_connectors.minio.minio_client - ERROR - Failed to get file buffer: S3 operation failed; code: NoSuchBucket, message: The specified bucket does not exist, resource: /synthesizers, request_id: 184E2AA90EEF6EC4, host_id: dd9025bab4ad464b049177c95eb6ebf374d3b3fd1af9251148b658df7ac2e3e8, bucket_name: synthesizers
2025-07-01 16:36:50,694 - file_src.db_connectors.minio.minio_client - ERROR - Failed to get file buffer: S3 operation failed; code: NoSuchBucket, message: The specified bucket does not exist, resource: /synthesizers, request_id: 184E2AA90F28E9CF, host_id: dd9025bab4ad464b049177c95eb6ebf374d3b3fd1af9251148b658df7ac2e3e8, bucket_name: synthesizers
2025-07-01 16:37:39,505 - file_src.db_connectors.minio.minio_client - ERROR - Failed to get file buffer: S3 operation failed; code: NoSuchBucket, message: The specified bucket does not exist, resource: /synthesizers, request_id: 184E2AB46CEE97D3, host_id: dd9025bab4ad464b049177c95eb6ebf374d3b3fd1af9251148b658df7ac2e3e8, bucket_name: synthesizers
2025-07-01 16:37:39,508 - file_src.db_connectors.minio.minio_client - ERROR - Failed to get file buffer: S3 operation failed; code: NoSuchBucket, message: The specified bucket does not exist, resource: /synthesizers, request_id: 184E2AB46D23405A, host_id: dd9025bab4ad464b049177c95eb6ebf374d3b3fd1af9251148b658df7ac2e3e8, bucket_name: synthesizers
2025-07-01 16:39:57,219 - file_src.db_connectors.minio.minio_client - ERROR - Failed to get file buffer: S3 operation failed; code: NoSuchBucket, message: The specified bucket does not exist, resource: /synthesizers, request_id: 184E2AD47D4F8110, host_id: dd9025bab4ad464b049177c95eb6ebf374d3b3fd1af9251148b658df7ac2e3e8, bucket_name: synthesizers
2025-07-01 16:39:57,229 - file_src.db_connectors.minio.minio_client - ERROR - Failed to get file buffer: S3 operation failed; code: NoSuchBucket, message: The specified bucket does not exist, resource: /synthesizers, request_id: 184E2AD47DE885CF, host_id: dd9025bab4ad464b049177c95eb6ebf374d3b3fd1af9251148b658df7ac2e3e8, bucket_name: synthesizers
2025-07-01 16:41:50,793 - file_src.db_connectors.minio.minio_client - ERROR - Failed to get file buffer: S3 operation failed; code: NoSuchBucket, message: The specified bucket does not exist, resource: /synthesizers, request_id: 184E2AEEEEE32D37, host_id: dd9025bab4ad464b049177c95eb6ebf374d3b3fd1af9251148b658df7ac2e3e8, bucket_name: synthesizers
2025-07-01 16:41:50,798 - file_src.db_connectors.minio.minio_client - ERROR - Failed to get file buffer: S3 operation failed; code: NoSuchBucket, message: The specified bucket does not exist, resource: /synthesizers, request_id: 184E2AEEEF31CD32, host_id: dd9025bab4ad464b049177c95eb6ebf374d3b3fd1af9251148b658df7ac2e3e8, bucket_name: synthesizers
2025-07-01 16:43:12,652 - file_src.db_connectors.minio.minio_client - ERROR - Failed to get file buffer: S3 operation failed; code: NoSuchBucket, message: The specified bucket does not exist, resource: /synthesizers, request_id: 184E2B01FE0EA335, host_id: dd9025bab4ad464b049177c95eb6ebf374d3b3fd1af9251148b658df7ac2e3e8, bucket_name: synthesizers
2025-07-01 16:43:12,655 - file_src.db_connectors.minio.minio_client - ERROR - Failed to get file buffer: S3 operation failed; code: NoSuchBucket, message: The specified bucket does not exist, resource: /synthesizers, request_id: 184E2B01FE467090, host_id: dd9025bab4ad464b049177c95eb6ebf374d3b3fd1af9251148b658df7ac2e3e8, bucket_name: synthesizers
2025-07-01 16:48:53,968 - file_src.db_connectors.minio.minio_client - ERROR - Failed to get file buffer: S3 operation failed; code: NoSuchBucket, message: The specified bucket does not exist, resource: /synthesizers, request_id: 184E2B51760EEEE7, host_id: dd9025bab4ad464b049177c95eb6ebf374d3b3fd1af9251148b658df7ac2e3e8, bucket_name: synthesizers
2025-07-01 16:48:53,976 - file_src.db_connectors.minio.minio_client - ERROR - Failed to get file buffer: S3 operation failed; code: NoSuchBucket, message: The specified bucket does not exist, resource: /synthesizers, request_id: 184E2B5176859496, host_id: dd9025bab4ad464b049177c95eb6ebf374d3b3fd1af9251148b658df7ac2e3e8, bucket_name: synthesizers
2025-07-01 16:53:13,913 - file_src.db_connectors.minio.minio_client - ERROR - Failed to get file buffer: S3 operation failed; code: NoSuchBucket, message: The specified bucket does not exist, resource: /synthesizers, request_id: 184E2B8DFC078E71, host_id: dd9025bab4ad464b049177c95eb6ebf374d3b3fd1af9251148b658df7ac2e3e8, bucket_name: synthesizers
2025-07-01 16:53:13,917 - file_src.db_connectors.minio.minio_client - ERROR - Failed to get file buffer: S3 operation failed; code: NoSuchBucket, message: The specified bucket does not exist, resource: /synthesizers, request_id: 184E2B8DFC46F1D1, host_id: dd9025bab4ad464b049177c95eb6ebf374d3b3fd1af9251148b658df7ac2e3e8, bucket_name: synthesizers
2025-07-01 17:02:12,122 - file_src.db_connectors.minio.minio_client - ERROR - Failed to get file buffer: S3 operation failed; code: NoSuchBucket, message: The specified bucket does not exist, resource: /synthesizers, request_id: 184E2C0B4BC731B6, host_id: dd9025bab4ad464b049177c95eb6ebf374d3b3fd1af9251148b658df7ac2e3e8, bucket_name: synthesizers
2025-07-01 17:02:12,129 - file_src.db_connectors.minio.minio_client - ERROR - Failed to get file buffer: S3 operation failed; code: NoSuchBucket, message: The specified bucket does not exist, resource: /synthesizers, request_id: 184E2C0B4C2FDFC3, host_id: dd9025bab4ad464b049177c95eb6ebf374d3b3fd1af9251148b658df7ac2e3e8, bucket_name: synthesizers
2025-07-01 18:09:16,333 - file_src.db_connectors.minio.minio_client - ERROR - Failed to delete bucket: S3 operation failed; code: BucketNotEmpty, message: The bucket you tried to delete is not empty, resource: /synthesizer, request_id: 184E2FB4415CEAE2, host_id: dd9025bab4ad464b049177c95eb6ebf374d3b3fd1af9251148b658df7ac2e3e8, bucket_name: synthesizer
2025-07-01 18:09:51,175 - file_src.db_connectors.minio.minio_client - ERROR - Failed to delete bucket: S3 operation failed; code: BucketNotEmpty, message: The bucket you tried to delete is not empty, resource: /synthesizer, request_id: 184E2FBC5E221108, host_id: dd9025bab4ad464b049177c95eb6ebf374d3b3fd1af9251148b658df7ac2e3e8, bucket_name: synthesizer
2025-07-01 19:17:40,098 - file_src.db_connectors.minio.minio_client - ERROR - Failed to get CSV data: Error tokenizing data. C error: Calling read(nbytes) on source failed. Try engine='python'.
2025-07-01 20:58:39,473 - file_src.db_connectors.minio.minio_client - ERROR - Failed to get CSV data: Error tokenizing data. C error: Calling read(nbytes) on source failed. Try engine='python'.
2025-07-02 20:23:21,328 - file_src.db_connectors.minio.minio_client - ERROR - Failed to get CSV data: S3 operation failed; code: SignatureDoesNotMatch, message: The request signature we calculated does not match the signature you provided. Check your key and signing method., resource: /creditcardfraud, request_id: 184E8599F1D5559C, host_id: dd9025bab4ad464b049177c95eb6ebf374d3b3fd1af9251148b658df7ac2e3e8, bucket_name: creditcardfraud
2025-07-02 20:23:21,336 - file_src.db_connectors.minio.minio_client - ERROR - Failed to get file buffer: S3 operation failed; code: SignatureDoesNotMatch, message: The request signature we calculated does not match the signature you provided. Check your key and signing method., resource: /synthesizers, request_id: 184E8599F24837A8, host_id: dd9025bab4ad464b049177c95eb6ebf374d3b3fd1af9251148b658df7ac2e3e8, bucket_name: synthesizers
2025-07-02 20:23:21,339 - file_src.db_connectors.minio.minio_client - ERROR - Failed to get file buffer: S3 operation failed; code: SignatureDoesNotMatch, message: The request signature we calculated does not match the signature you provided. Check your key and signing method., resource: /synthesizers, request_id: 184E8599F27D5EC5, host_id: dd9025bab4ad464b049177c95eb6ebf374d3b3fd1af9251148b658df7ac2e3e8, bucket_name: synthesizers
2025-07-02 20:23:44,887 - file_src.db_connectors.minio.minio_client - ERROR - Failed to get CSV data: S3 operation failed; code: SignatureDoesNotMatch, message: The request signature we calculated does not match the signature you provided. Check your key and signing method., resource: /creditcardfraud, request_id: 184E859F6E03E107, host_id: dd9025bab4ad464b049177c95eb6ebf374d3b3fd1af9251148b658df7ac2e3e8, bucket_name: creditcardfraud
2025-07-02 20:23:44,891 - file_src.db_connectors.minio.minio_client - ERROR - Failed to get file buffer: S3 operation failed; code: SignatureDoesNotMatch, message: The request signature we calculated does not match the signature you provided. Check your key and signing method., resource: /synthesizers, request_id: 184E859F6E47D783, host_id: dd9025bab4ad464b049177c95eb6ebf374d3b3fd1af9251148b658df7ac2e3e8, bucket_name: synthesizers
2025-07-02 20:23:44,895 - file_src.db_connectors.minio.minio_client - ERROR - Failed to get file buffer: S3 operation failed; code: SignatureDoesNotMatch, message: The request signature we calculated does not match the signature you provided. Check your key and signing method., resource: /synthesizers, request_id: 184E859F6E8591DD, host_id: dd9025bab4ad464b049177c95eb6ebf374d3b3fd1af9251148b658df7ac2e3e8, bucket_name: synthesizers
2025-07-02 20:26:50,664 - file_src.db_connectors.minio.minio_client - ERROR - Failed to get CSV data: S3 operation failed; code: SignatureDoesNotMatch, message: The request signature we calculated does not match the signature you provided. Check your key and signing method., resource: /creditcardfraud, request_id: 184E85CAAF0C6E9B, host_id: dd9025bab4ad464b049177c95eb6ebf374d3b3fd1af9251148b658df7ac2e3e8, bucket_name: creditcardfraud
2025-07-02 20:26:50,676 - file_src.db_connectors.minio.minio_client - ERROR - Failed to get file buffer: S3 operation failed; code: SignatureDoesNotMatch, message: The request signature we calculated does not match the signature you provided. Check your key and signing method., resource: /synthesizers, request_id: 184E85CAAFBBEB75, host_id: dd9025bab4ad464b049177c95eb6ebf374d3b3fd1af9251148b658df7ac2e3e8, bucket_name: synthesizers
2025-07-02 20:26:50,685 - file_src.db_connectors.minio.minio_client - ERROR - Failed to get file buffer: S3 operation failed; code: SignatureDoesNotMatch, message: The request signature we calculated does not match the signature you provided. Check your key and signing method., resource: /synthesizers, request_id: 184E85CAB040319C, host_id: dd9025bab4ad464b049177c95eb6ebf374d3b3fd1af9251148b658df7ac2e3e8, bucket_name: synthesizers
2025-07-02 20:27:25,725 - file_src.db_connectors.minio.minio_client - ERROR - Failed to get CSV data: S3 operation failed; code: SignatureDoesNotMatch, message: The request signature we calculated does not match the signature you provided. Check your key and signing method., resource: /creditcardfraud, request_id: 184E85D2D902F9F6, host_id: dd9025bab4ad464b049177c95eb6ebf374d3b3fd1af9251148b658df7ac2e3e8, bucket_name: creditcardfraud
2025-07-02 20:27:25,730 - file_src.db_connectors.minio.minio_client - ERROR - Failed to get file buffer: S3 operation failed; code: SignatureDoesNotMatch, message: The request signature we calculated does not match the signature you provided. Check your key and signing method., resource: /synthesizers, request_id: 184E85D2D9484B18, host_id: dd9025bab4ad464b049177c95eb6ebf374d3b3fd1af9251148b658df7ac2e3e8, bucket_name: synthesizers
2025-07-02 20:27:25,734 - file_src.db_connectors.minio.minio_client - ERROR - Failed to get file buffer: S3 operation failed; code: SignatureDoesNotMatch, message: The request signature we calculated does not match the signature you provided. Check your key and signing method., resource: /synthesizers, request_id: 184E85D2D98B1D43, host_id: dd9025bab4ad464b049177c95eb6ebf374d3b3fd1af9251148b658df7ac2e3e8, bucket_name: synthesizers
2025-07-03 15:56:22,348 - file_src.db_connectors.minio.minio_client - ERROR - Failed to get CSV data: HTTPConnectionPool(host='192.168.1.179', port=29010): Max retries exceeded with url: /creditcardfraud?location= (Caused by NewConnectionError('<urllib3.connection.HTTPConnection object at 0xffff6b2126e0>: Failed to establish a new connection: [Errno 111] Connection refused'))
2025-07-03 15:56:28,371 - file_src.db_connectors.minio.minio_client - ERROR - Failed to get file buffer: HTTPConnectionPool(host='192.168.1.179', port=29010): Max retries exceeded with url: /synthesizers?location= (Caused by NewConnectionError('<urllib3.connection.HTTPConnection object at 0xffff6b212620>: Failed to establish a new connection: [Errno 111] Connection refused'))
2025-07-03 15:56:34,383 - file_src.db_connectors.minio.minio_client - ERROR - Failed to get file buffer: HTTPConnectionPool(host='192.168.1.179', port=29010): Max retries exceeded with url: /synthesizers?location= (Caused by NewConnectionError('<urllib3.connection.HTTPConnection object at 0xffff6b213490>: Failed to establish a new connection: [Errno 111] Connection refused'))
2025-07-03 20:33:23,306 - file_src.db_connectors.minio.minio_client - ERROR - Failed to get file buffer: S3 operation failed; code: NoSuchKey, message: The specified key does not exist., resource: /synthesizers/fraud_synthesizer_3.pkl, request_id: 184ED4BA6BDE7448, host_id: dd9025bab4ad464b049177c95eb6ebf374d3b3fd1af9251148b658df7ac2e3e8, bucket_name: synthesizers, object_name: fraud_synthesizer_3.pkl
2025-07-03 20:33:23,647 - file_src.db_connectors.minio.minio_client - ERROR - Failed to get file buffer: S3 operation failed; code: NoSuchKey, message: The specified key does not exist., resource: /synthesizers/normal_synthesizer_3.pkl, request_id: 184ED4BAC018DDCF, host_id: dd9025bab4ad464b049177c95eb6ebf374d3b3fd1af9251148b658df7ac2e3e8, bucket_name: synthesizers, object_name: normal_synthesizer_3.pkl
2025-07-05 17:39:04,133 - file_src.db_connectors.minio.minio_client - ERROR - Failed to get file buffer: S3 operation failed; code: NoSuchKey, message: The specified key does not exist., resource: /synthesizers/fraud_synthesizer_v4.pkl, request_id: 184F6860971EF0C5, host_id: dd9025bab4ad464b049177c95eb6ebf374d3b3fd1af9251148b658df7ac2e3e8, bucket_name: synthesizers, object_name: fraud_synthesizer_v4.pkl
2025-07-07 22:56:42,790 - file_src.db_connectors.minio.minio_client - ERROR - Failed to get file buffer: ('Connection broken: IncompleteRead(2097152 bytes read, 26156920 more expected)', IncompleteRead(2097152 bytes read, 26156920 more expected))
2025-07-07 22:57:58,702 - file_src.db_connectors.minio.minio_client - ERROR - Failed to get file buffer: ('Connection broken: IncompleteRead(2097152 bytes read, 26156920 more expected)', IncompleteRead(2097152 bytes read, 26156920 more expected))
